<?xml version="1.0" encoding="UTF-8"?>
<!-- Generated by org.testng.reporters.JUnitReportReporter -->
<testsuite skipped="1" hostname="RENTAL03" name="com.firstlife.scripts.Product_IPP.PolicyEnquiryTest" tests="1" failures="0" timestamp="25 Apr 2019 10:56:18 GMT" time="0.001" errors="0">
  <testcase name="UnderwrittingRequirement" time="0.001" classname="com.firstlife.scripts.Product_IPP.PolicyEnquiryTest">
    <skipped/>
  </testcase> <!-- UnderwrittingRequirement -->
</testsuite> <!-- com.firstlife.scripts.Product_IPP.PolicyEnquiryTest -->
